<?xml version="1.0" encoding="UTF-8"?>
<!-- Generated by org.testng.reporters.JUnitXMLReporter -->
<testsuite hostname="VASANTKN1" ignored="0" name="Default test" tests="3" failures="0" timestamp="23 Aug 2017 17:45:16 GMT" time="19.044" errors="0">
  <testcase name="doLogin" time="18.341" classname="com.core.hybrid.Core_Hybrid_Framework.testcases.FacebookLogin"/>
  <testcase name="doLogin" time="0.006" classname="com.core.hybrid.Core_Hybrid_Framework.testcases.FacebookLogin">
    <skipped/>
  </testcase> <!-- doLogin -->
  <testcase name="doLogin" time="0.005" classname="com.core.hybrid.Core_Hybrid_Framework.testcases.FacebookLogin">
    <skipped/>
  </testcase> <!-- doLogin -->
</testsuite> <!-- Default test -->
