<?xml version="1.0" encoding="UTF-8"?>
<!-- Generated by org.testng.reporters.JUnitXMLReporter -->
<testsuite hostname="VASANTKN1" ignored="0" name="Facebook Login" tests="1" failures="1" timestamp="27 Nov 2017 14:57:02 GMT" time="0.346" errors="0">
  <testcase name="doLogin" time="0.029" classname="com.core.hybrid.Core_Hybrid_Framework.testcases.FacebookLogin">
    <failure type="org.testng.internal.reflect.MethodMatcherException" message="
Data provider mismatch
Method: doLogin([Parameter{index=0, type=java.util.Hashtable, declaredAnnotations=[]}, Parameter{index=1, type=java.lang.String, declaredAnnotations=[]}, Parameter{index=2, type=java.lang.String, declaredAnnotations=[]}])
Arguments: [(java.util.Hashtable){Name=Nikith Jain, Username=nikithjain@gmail.com, Password=Shalinikith_5, Runmode=Y, Browser=Mozilla}]">
      <![CDATA[org.testng.internal.reflect.MethodMatcherException: 
Data provider mismatch
Method: doLogin([Parameter{index=0, type=java.util.Hashtable, declaredAnnotations=[]}, Parameter{index=1, type=java.lang.String, declaredAnnotations=[]}, Parameter{index=2, type=java.lang.String, declaredAnnotations=[]}])
Arguments: [(java.util.Hashtable){Name=Nikith Jain, Username=nikithjain@gmail.com, Password=Shalinikith_5, Runmode=Y, Browser=Mozilla}]
... Removed 21 stack frames]]>
    </failure>
  </testcase> <!-- doLogin -->
</testsuite> <!-- Facebook Login -->
