<?xml version="1.0" encoding="UTF-8"?>
<testng-results skipped="0" failed="1" ignored="0" total="1" passed="0">
  <reporter-output>
  </reporter-output>
  <suite name="Suite B" duration-ms="0" started-at="2017-11-27T14:57:02Z" finished-at="2017-11-27T14:57:02Z">
    <groups>
    </groups>
  </suite> <!-- Suite B -->
  <suite name="Suite C" duration-ms="0" started-at="2017-11-27T14:57:02Z" finished-at="2017-11-27T14:57:02Z">
    <groups>
    </groups>
  </suite> <!-- Suite C -->
  <suite name="Suite A" duration-ms="346" started-at="2017-11-27T14:57:02Z" finished-at="2017-11-27T14:57:02Z">
    <groups>
    </groups>
    <test name="Facebook Login" duration-ms="346" started-at="2017-11-27T14:57:02Z" finished-at="2017-11-27T14:57:02Z">
      <class name="com.core.hybrid.Core_Hybrid_Framework.testcases.FacebookLogin">
        <test-method status="FAIL" signature="doLogin(java.util.Hashtable, java.lang.String, java.lang.String)[pri:0, instance:com.core.hybrid.Core_Hybrid_Framework.testcases.FacebookLogin@69997e9d]" name="doLogin" duration-ms="29" started-at="2017-11-27T20:27:02Z" data-provider="getData" finished-at="2017-11-27T20:27:02Z">
          <exception class="org.testng.internal.reflect.MethodMatcherException">
            <message>
              <![CDATA[
Data provider mismatch
Method: doLogin([Parameter{index=0, type=java.util.Hashtable, declaredAnnotations=[]}, Parameter{index=1, type=java.lang.String, declaredAnnotations=[]}, Parameter{index=2, type=java.lang.String, declaredAnnotations=[]}])
Arguments: [(java.util.Hashtable){Name=Nikith Jain, Username=nikithjain@gmail.com, Password=Shalinikith_5, Runmode=Y, Browser=Mozilla}]]]>
            </message>
            <full-stacktrace>
              <![CDATA[org.testng.internal.reflect.MethodMatcherException: 
Data provider mismatch
Method: doLogin([Parameter{index=0, type=java.util.Hashtable, declaredAnnotations=[]}, Parameter{index=1, type=java.lang.String, declaredAnnotations=[]}, Parameter{index=2, type=java.lang.String, declaredAnnotations=[]}])
Arguments: [(java.util.Hashtable){Name=Nikith Jain, Username=nikithjain@gmail.com, Password=Shalinikith_5, Runmode=Y, Browser=Mozilla}]
	at org.testng.internal.reflect.DataProviderMethodMatcher.getConformingArguments(DataProviderMethodMatcher.java:49)
	at org.testng.internal.Invoker.injectParameters(Invoker.java:1293)
	at org.testng.internal.Invoker.invokeTestMethods(Invoker.java:1187)
	at org.testng.internal.TestMethodWorker.invokeTestMethods(TestMethodWorker.java:126)
	at org.testng.internal.TestMethodWorker.run(TestMethodWorker.java:109)
	at org.testng.TestRunner.privateRun(TestRunner.java:744)
	at org.testng.TestRunner.run(TestRunner.java:602)
	at org.testng.SuiteRunner.runTest(SuiteRunner.java:380)
	at org.testng.SuiteRunner.runSequentially(SuiteRunner.java:375)
	at org.testng.SuiteRunner.privateRun(SuiteRunner.java:340)
	at org.testng.SuiteRunner.run(SuiteRunner.java:289)
	at org.testng.SuiteRunnerWorker.runSuite(SuiteRunnerWorker.java:52)
	at org.testng.SuiteRunnerWorker.run(SuiteRunnerWorker.java:86)
	at org.testng.TestNG.runSuitesSequentially(TestNG.java:1301)
	at org.testng.TestNG.runSuitesSequentially(TestNG.java:1297)
	at org.testng.TestNG.runSuitesLocally(TestNG.java:1226)
	at org.testng.TestNG.runSuites(TestNG.java:1144)
	at org.testng.TestNG.run(TestNG.java:1115)
	at org.testng.remote.AbstractRemoteTestNG.run(AbstractRemoteTestNG.java:132)
	at org.testng.remote.RemoteTestNG.initAndRun(RemoteTestNG.java:230)
	at org.testng.remote.RemoteTestNG.main(RemoteTestNG.java:76)
]]>
            </full-stacktrace>
          </exception> <!-- org.testng.internal.reflect.MethodMatcherException -->
          <reporter-output>
          </reporter-output>
        </test-method> <!-- doLogin -->
        <test-method status="PASS" signature="quit()[pri:0, instance:com.core.hybrid.Core_Hybrid_Framework.testcases.FacebookLogin@69997e9d]" name="quit" is-config="true" duration-ms="293" started-at="2017-11-27T20:27:02Z" finished-at="2017-11-27T20:27:02Z">
          <reporter-output>
          </reporter-output>
        </test-method> <!-- quit -->
      </class> <!-- com.core.hybrid.Core_Hybrid_Framework.testcases.FacebookLogin -->
    </test> <!-- Facebook Login -->
  </suite> <!-- Suite A -->
  <suite name="My suite" duration-ms="0" started-at="2017-11-27T14:57:02Z" finished-at="2017-11-27T14:57:02Z">
    <groups>
    </groups>
  </suite> <!-- My suite -->
</testng-results>
